
=== Fri Dec 31 09:39:52 2021

Packages were changed.
Update Mode: updateDependencies

The following packages were added:
  com.unity.ide.visualstudio@2.0.12
The following packages were updated:
  com.unity.ads from version 3.4.5 to 3.7.5
  com.unity.analytics from version 3.3.5 to 3.6.11
  com.unity.collab-proxy from version 1.2.16 to 1.15.4
  com.unity.ide.rider from version 1.1.4 to 2.0.7
  com.unity.ide.vscode from version 1.2.0 to 1.2.4
  com.unity.purchasing from version 2.0.6 to 4.0.3
  com.unity.test-framework from version 1.1.14 to 1.1.29
  com.unity.textmeshpro from version 2.0.1 to 3.0.6
  com.unity.timeline from version 1.2.6 to 1.4.8
  com.unity.xr.legacyinputhelpers from version 2.1.4 to 2.1.8

=== Fri Dec 31 10:34:25 2021

Packages were changed.
Update Mode: mergeDefaultDependencies

The following packages were added:
  com.unity.burst@1.6.1
  com.unity.inputsystem@1.2.0
  com.unity.postprocessing@3.2.0
The following packages were updated:
  com.unity.ide.rider from version 2.0.7 to 3.0.7
